{"level":"ERROR","location":"[get_call:146] fyersModel","message":{"API":"/history","Error":{"code":-16,"message":"Could not authenticate the user","s":"error"}},"timestamp":"2025-12-07 22:35:12,411+0530","service":"FyersAPI"}
{"level":"ERROR","location":"[get_call:146] fyersModel","message":{"API":"/history","Error":{"code":-16,"message":"Could not authenticate the user","s":"error"}},"timestamp":"2025-12-07 22:35:12,621+0530","service":"FyersAPI"}
{"level":"ERROR","location":"[get_call:146] fyersModel","message":{"API":"/history","Error":{"code":-16,"message":"Could not authenticate the user","s":"error"}},"timestamp":"2025-12-07 22:35:12,831+0530","service":"FyersAPI"}
{"level":"ERROR","location":"[get_call:146] fyersModel","message":{"API":"/history","Error":{"code":-16,"message":"Could not authenticate the user","s":"error"}},"timestamp":"2025-12-07 22:35:13,040+0530","service":"FyersAPI"}
{"level":"ERROR","location":"[get_call:146] fyersModel","message":{"API":"/history","Error":{"code":-16,"message":"Could not authenticate the user","s":"error"}},"timestamp":"2025-12-07 22:37:18,673+0530","service":"FyersAPI"}
{"level":"ERROR","location":"[get_call:146] fyersModel","message":{"API":"/history","Error":{"code":-16,"message":"Could not authenticate the user","s":"error"}},"timestamp":"2025-12-07 22:38:30,752+0530","service":"FyersAPI"}
{"level":"ERROR","location":"[get_call:146] fyersModel","message":{"API":"/history","Error":{"code":-16,"message":"Could not authenticate the user","s":"error"}},"timestamp":"2025-12-07 22:38:30,959+0530","service":"FyersAPI"}
{"level":"ERROR","location":"[get_call:146] fyersModel","message":{"API":"/history","Error":{"code":-16,"message":"Could not authenticate the user","s":"error"}},"timestamp":"2025-12-07 22:38:31,165+0530","service":"FyersAPI"}
{"level":"ERROR","location":"[get_call:146] fyersModel","message":{"API":"/history","Error":{"code":-16,"message":"Could not authenticate the user","s":"error"}},"timestamp":"2025-12-07 22:38:31,383+0530","service":"FyersAPI"}
{"level":"ERROR","location":"[get_call:146] fyersModel","message":{"API":"/history","Error":{"code":-16,"message":"Could not authenticate the user","s":"error"}},"timestamp":"2025-12-07 22:41:57,296+0530","service":"FyersAPI"}
{"level":"ERROR","location":"[get_call:146] fyersModel","message":{"API":"/profile","Error":{"s":"error","code":-17,"message":"Could not authenticate the user"}},"timestamp":"2025-12-07 22:46:54,469+0530","service":"FyersAPI"}
{"level":"ERROR","location":"[get_call:146] fyersModel","message":{"API":"/funds","Error":{"code":-16,"message":"Could not authenticate the user","s":"error"}},"timestamp":"2025-12-07 22:46:54,665+0530","service":"FyersAPI"}
{"level":"ERROR","location":"[get_call:146] fyersModel","message":{"API":"/profile","Error":{"s":"error","code":-17,"message":"Could not authenticate the user"}},"timestamp":"2025-12-07 22:50:18,817+0530","service":"FyersAPI"}
{"level":"ERROR","location":"[get_call:146] fyersModel","message":{"API":"/funds","Error":{"code":-16,"message":"Could not authenticate the user","s":"error"}},"timestamp":"2025-12-07 22:50:19,011+0530","service":"FyersAPI"}
{"level":"ERROR","location":"[get_call:146] fyersModel","message":{"API":"/history","Error":{"code":-16,"message":"Could not authenticate the user","s":"error"}},"timestamp":"2025-12-07 22:50:37,210+0530","service":"FyersAPI"}
{"level":"ERROR","location":"[get_call:146] fyersModel","message":{"API":"/history","Error":{"code":-16,"message":"Could not authenticate the user","s":"error"}},"timestamp":"2025-12-07 22:50:46,578+0530","service":"FyersAPI"}
{"level":"ERROR","location":"[get_call:146] fyersModel","message":{"API":"/history","Error":{"code":-16,"message":"Could not authenticate the user","s":"error"}},"timestamp":"2025-12-07 22:50:46,785+0530","service":"FyersAPI"}
{"level":"ERROR","location":"[get_call:146] fyersModel","message":{"API":"/history","Error":{"code":-16,"message":"Could not authenticate the user","s":"error"}},"timestamp":"2025-12-07 22:50:46,996+0530","service":"FyersAPI"}
{"level":"ERROR","location":"[get_call:146] fyersModel","message":{"API":"/history","Error":{"code":-16,"message":"Could not authenticate the user","s":"error"}},"timestamp":"2025-12-07 22:50:47,216+0530","service":"FyersAPI"}
{"level":"ERROR","location":"[post_call:89] fyersModel","message":{"API":"/orders/sync","Error":{"code":-16,"message":"Could not authenticate the user","s":"error"}},"timestamp":"2025-12-08 11:10:36,572+0530","service":"FyersAPI"}
{"level":"ERROR","location":"[post_call:89] fyersModel","message":{"API":"/orders/sync","Error":{"code":-16,"message":"Could not authenticate the user","s":"error"}},"timestamp":"2025-12-08 11:11:36,871+0530","service":"FyersAPI"}
{"level":"ERROR","location":"[post_call:89] fyersModel","message":{"API":"/orders/sync","Error":{"code":-16,"message":"Could not authenticate the user","s":"error"}},"timestamp":"2025-12-08 11:12:37,169+0530","service":"FyersAPI"}
{"level":"ERROR","location":"[post_call:89] fyersModel","message":{"API":"/orders/sync","Error":{"code":-16,"message":"Could not authenticate the user","s":"error"}},"timestamp":"2025-12-08 11:13:37,483+0530","service":"FyersAPI"}
{"level":"ERROR","location":"[post_call:89] fyersModel","message":{"API":"/orders/sync","Error":{"code":-50,"message":"The input symbol is invalid.","s":"error"}},"timestamp":"2025-12-08 11:30:18,654+0530","service":"FyersAPI"}
{"level":"ERROR","location":"[post_call:89] fyersModel","message":{"API":"/orders/sync","Error":{"code":-50,"message":"The input symbol is invalid.","s":"error"}},"timestamp":"2025-12-08 11:31:18,969+0530","service":"FyersAPI"}
{"level":"ERROR","location":"[post_call:89] fyersModel","message":{"API":"/orders/sync","Error":{"code":-50,"message":"The input symbol is invalid.","s":"error"}},"timestamp":"2025-12-08 11:32:19,263+0530","service":"FyersAPI"}
{"level":"ERROR","location":"[post_call:89] fyersModel","message":{"API":"/orders/sync","Error":{"code":-50,"message":"The input symbol is invalid.","s":"error"}},"timestamp":"2025-12-08 11:33:19,573+0530","service":"FyersAPI"}
{"level":"ERROR","location":"[post_call:89] fyersModel","message":{"API":"/orders/sync","Error":{"code":-50,"message":"The input symbol is invalid.","s":"error"}},"timestamp":"2025-12-08 11:34:19,860+0530","service":"FyersAPI"}
{"level":"ERROR","location":"[post_call:89] fyersModel","message":{"API":"/orders/sync","Error":{"code":-50,"message":"The input symbol is invalid.","s":"error"}},"timestamp":"2025-12-08 11:35:20,150+0530","service":"FyersAPI"}
{"level":"ERROR","location":"[post_call:89] fyersModel","message":{"API":"/orders/sync","Error":{"code":-50,"message":"The input symbol is invalid.","s":"error"}},"timestamp":"2025-12-08 11:36:20,473+0530","service":"FyersAPI"}
{"level":"ERROR","location":"[post_call:89] fyersModel","message":{"API":"/orders/sync","Error":{"code":-50,"message":"The input symbol is invalid.","s":"error"}},"timestamp":"2025-12-08 11:37:20,706+0530","service":"FyersAPI"}
{"level":"ERROR","location":"[post_call:89] fyersModel","message":{"API":"/orders/sync","Error":{"code":-50,"message":"The input symbol is invalid.","s":"error"}},"timestamp":"2025-12-08 11:38:20,962+0530","service":"FyersAPI"}
{"level":"ERROR","location":"[post_call:89] fyersModel","message":{"API":"/orders/sync","Error":{"code":-50,"message":"The input symbol is invalid.","s":"error"}},"timestamp":"2025-12-08 11:39:21,318+0530","service":"FyersAPI"}
{"level":"ERROR","location":"[post_call:89] fyersModel","message":{"API":"/orders/sync","Error":{"code":-50,"message":"The input symbol is invalid.","s":"error"}},"timestamp":"2025-12-08 11:40:21,727+0530","service":"FyersAPI"}
{"level":"ERROR","location":"[post_call:89] fyersModel","message":{"API":"/orders/sync","Error":{"code":-50,"message":"The input symbol is invalid.","s":"error"}},"timestamp":"2025-12-08 11:41:22,035+0530","service":"FyersAPI"}
{"level":"ERROR","location":"[post_call:89] fyersModel","message":{"API":"/orders/sync","Error":{"code":-50,"message":"The input symbol is invalid.","s":"error"}},"timestamp":"2025-12-08 11:42:22,338+0530","service":"FyersAPI"}
{"level":"ERROR","location":"[post_call:89] fyersModel","message":{"API":"/orders/sync","Error":{"code":-50,"message":"The input symbol is invalid.","s":"error"}},"timestamp":"2025-12-08 11:43:22,684+0530","service":"FyersAPI"}
{"level":"ERROR","location":"[post_call:89] fyersModel","message":{"API":"/orders/sync","Error":{"code":-50,"message":"The input symbol is invalid.","s":"error"}},"timestamp":"2025-12-08 11:44:22,989+0530","service":"FyersAPI"}
