
[2025-12-07T22:38:30.758447] Symbol: NSE:RELIANCE-EQ
{"code": -16, "message": "Could not authenticate the user", "s": "error"}

[2025-12-07T22:38:30.963427] Symbol: NSE:TCS-EQ
{"code": -16, "message": "Could not authenticate the user", "s": "error"}

[2025-12-07T22:38:31.169577] Symbol: NSE:HDFCBANK-EQ
{"code": -16, "message": "Could not authenticate the user", "s": "error"}

[2025-12-07T22:38:31.387437] Symbol: NSE:INFY-EQ
{"code": -16, "message": "Could not authenticate the user", "s": "error"}

[2025-12-07T22:41:57.299170] Symbol: NSE:RELIANCE-EQ
{"code": -16, "message": "Could not authenticate the user", "s": "error"}

[2025-12-07T22:50:37.213632] Symbol: NSE:RELIANCE-EQ
{"code": -16, "message": "Could not authenticate the user", "s": "error"}

[2025-12-07T22:50:46.580543] Symbol: NSE:RELIANCE-EQ
{"code": -16, "message": "Could not authenticate the user", "s": "error"}

[2025-12-07T22:50:46.789630] Symbol: NSE:TCS-EQ
{"code": -16, "message": "Could not authenticate the user", "s": "error"}

[2025-12-07T22:50:47.000730] Symbol: NSE:HDFCBANK-EQ
{"code": -16, "message": "Could not authenticate the user", "s": "error"}

[2025-12-07T22:50:47.220950] Symbol: NSE:INFY-EQ
{"code": -16, "message": "Could not authenticate the user", "s": "error"}
